Arguments: 
  /usr/local/bin/node /usr/local/bin/yarn test

PATH: 
  /Users/kaso/Library/pnpm:/usr/local/opt/ruby/bin:/usr/local/opt/ruby/bin:/Library/Frameworks/Python.framework/Versions/2.7/bin:/Library/Frameworks/Python.framework/Versions/3.9/bin:/usr/local/bin:/usr/bin:/bin:/usr/sbin:/sbin:/usr/local/go/bin:/Users/kaso/Desktop/0xTomb-contract/node_modules/.bin:/usr/local/mysql/bin

Yarn version: 
  1.22.18

Node version: 
  16.13.1

Platform: 
  darwin x64

Trace: 
  SyntaxError: /Users/kaso/Desktop/0xTomb-contract/package.json: Unexpected token } in JSON at position 118
      at JSON.parse (<anonymous>)
      at /usr/local/lib/node_modules/yarn/lib/cli.js:1625:59
      at Generator.next (<anonymous>)
      at step (/usr/local/lib/node_modules/yarn/lib/cli.js:310:30)
      at /usr/local/lib/node_modules/yarn/lib/cli.js:321:13

npm manifest: 
  {
    "name": "hardhat-project",
    "scripts": {
      "compile": "npx hardhat compile",
      "test": "npx hardhat test",
    },
    "devDependencies": {
      "@nomicfoundation/hardhat-toolbox": "^1.0.2",
      "hardhat": "^2.10.1"
    },
    "dependencies": {
      "@openzeppelin/contracts": "^4.7.1"
    }
  }

yarn manifest: 
  No manifest

Lockfile: 
  No lockfile
